<test-run id="2" testcasecount="0" result="Passed" start-time="2026-06-06 15:05:30.483206" end-time="2026-06-06 15:05:46.681186" duration="16" total="0" passed="0" failed="0" inconclusive="0" skipped="0" asserts="0" clr-version="3.13.13 (tags/v3.13.13:01104ce, Apr  7 2026, 19:25:48) [MSC v.1944 64 bit (AMD64)]" engine-version="3.6.2"><command-line>C:\Users\test\AppData\Local\Packages\PythonSoftwareFoundation.Python.3.13_qbz5n2kfra8p0\LocalCache\local-packages\Python313\site-packages\pytest\__main__.py test_triage_agent.py -v --tb=short</command-line><filter><test re="0">test_triage_agent.py</test></filter></test-run>